# JRE version: OpenJDK Runtime Environment Corretto-17.0.13.11.1 (17.0.13+11) (build 17.0.13+11-LTS)
# Java VM: OpenJDK 64-Bit Server VM Corretto-17.0.13.11.1 (17.0.13+11-LTS, mixed mode, sharing, tiered, compressed oops, compressed class ptrs, g1 gc, windows-amd64)
GC Precious Log:
 CPUs: 12 total, 12 available
 Memory: 32680M
 Large Page Support: Disabled
 NUMA Support: Disabled
 Compressed Oops: Enabled (Zero based)
 Heap Region Size: 4M
 Heap Min Capacity: 8M
 Heap Initial Capacity: 512M
 Heap Max Capacity: 8172M
 Pre-touch: Disabled
 Parallel Workers: 10
 Concurrent Workers: 3
 Concurrent Refinement Workers: 10
 Periodic GC: Disabled
Heap:
 garbage-first heap   total 1560576K, used 227956K [0x0000000601400000, 0x0000000800000000)
  region size 4096K, 1 young (4096K), 1 survivors (4096K)
 Metaspace       used 38650K, committed 39232K, reserved 1114112K
  class space    used 3966K, committed 4224K, reserved 1048576K
GC Heap History (20 events):
Event: 5395.007 GC heap after
{Heap after GC invocations=5074 (full 0):
 garbage-first heap   total 1560576K, used 227642K [0x0000000601400000, 0x0000000800000000)
  region size 4096K, 1 young (4096K), 1 survivors (4096K)
 Metaspace       used 38650K, committed 39232K, reserved 1114112K
  class space    used 3966K, committed 4224K, reserved 1048576K
}
Event: 5396.924 GC heap before
{Heap before GC invocations=5074 (full 0):
 garbage-first heap   total 1560576K, used 1157434K [0x0000000601400000, 0x0000000800000000)
  region size 4096K, 228 young (933888K), 1 survivors (4096K)
 Metaspace       used 38650K, committed 39232K, reserved 1114112K
  class space    used 3966K, committed 4224K, reserved 1048576K
}
Event: 5396.925 GC heap after
{Heap after GC invocations=5075 (full 0):
 garbage-first heap   total 1560576K, used 227452K [0x0000000601400000, 0x0000000800000000)
  region size 4096K, 1 young (4096K), 1 survivors (4096K)
 Metaspace       used 38650K, committed 39232K, reserved 1114112K
  class space    used 3966K, committed 4224K, reserved 1048576K
}
Event: 5399.019 GC heap before
{Heap before GC invocations=5075 (full 0):
 garbage-first heap   total 1560576K, used 1157244K [0x0000000601400000, 0x0000000800000000)
  region size 4096K, 228 young (933888K), 1 survivors (4096K)
 Metaspace       used 38650K, committed 39232K, reserved 1114112K
  class space    used 3966K, committed 4224K, reserved 1048576K
}
Event: 5399.020 GC heap after
{Heap after GC invocations=5076 (full 0):
 garbage-first heap   total 1560576K, used 227808K [0x0000000601400000, 0x0000000800000000)
  region size 4096K, 1 young (4096K), 1 survivors (4096K)
 Metaspace       used 38650K, committed 39232K, reserved 1114112K
  class space    used 3966K, committed 4224K, reserved 1048576K
}
Event: 5400.895 GC heap before
{Heap before GC invocations=5076 (full 0):
 garbage-first heap   total 1560576K, used 1157600K [0x0000000601400000, 0x0000000800000000)
  region size 4096K, 228 young (933888K), 1 survivors (4096K)
 Metaspace       used 38650K, committed 39232K, reserved 1114112K
  class space    used 3966K, committed 4224K, reserved 1048576K
}
Event: 5400.897 GC heap after
{Heap after GC invocations=5077 (full 0):
 garbage-first heap   total 1560576K, used 227558K [0x0000000601400000, 0x0000000800000000)
  region size 4096K, 1 young (4096K), 1 survivors (4096K)
 Metaspace       used 38650K, committed 39232K, reserved 1114112K
  class space    used 3966K, committed 4224K, reserved 1048576K
}
Event: 5403.046 GC heap before
{Heap before GC invocations=5077 (full 0):
 garbage-first heap   total 1560576K, used 1157350K [0x0000000601400000, 0x0000000800000000)
  region size 4096K, 228 young (933888K), 1 survivors (4096K)
 Metaspace       used 38650K, committed 39232K, reserved 1114112K
  class space    used 3966K, committed 4224K, reserved 1048576K
}
Event: 5403.047 GC heap after
{Heap after GC invocations=5078 (full 0):
 garbage-first heap   total 1560576K, used 227423K [0x0000000601400000, 0x0000000800000000)
  region size 4096K, 1 young (4096K), 1 survivors (4096K)
 Metaspace       used 38650K, committed 39232K, reserved 1114112K
  class space    used 3966K, committed 4224K, reserved 1048576K
}
Event: 5404.901 GC heap before
{Heap before GC invocations=5078 (full 0):
 garbage-first heap   total 1560576K, used 1157215K [0x0000000601400000, 0x0000000800000000)
  region size 4096K, 228 young (933888K), 1 survivors (4096K)
 Metaspace       used 38650K, committed 39232K, reserved 1114112K
  class space    used 3966K, committed 4224K, reserved 1048576K
}
Event: 5404.902 GC heap after
{Heap after GC invocations=5079 (full 0):
 garbage-first heap   total 1560576K, used 227856K [0x0000000601400000, 0x0000000800000000)
  region size 4096K, 1 young (4096K), 1 survivors (4096K)
 Metaspace       used 38650K, committed 39232K, reserved 1114112K
  class space    used 3966K, committed 4224K, reserved 1048576K
}
Event: 5417.003 GC heap before
{Heap before GC invocations=5079 (full 0):
 garbage-first heap   total 1560576K, used 1157648K [0x0000000601400000, 0x0000000800000000)
  region size 4096K, 228 young (933888K), 1 survivors (4096K)
 Metaspace       used 38650K, committed 39232K, reserved 1114112K
  class space    used 3966K, committed 4224K, reserved 1048576K
}
Event: 5419.540 GC heap after
{Heap after GC invocations=5080 (full 0):
 garbage-first heap   total 1560576K, used 227426K [0x0000000601400000, 0x0000000800000000)
  region size 4096K, 1 young (4096K), 1 survivors (4096K)
 Metaspace       used 38650K, committed 39232K, reserved 1114112K
  class space    used 3966K, committed 4224K, reserved 1048576K
}
Event: 5419.655 GC heap before
{Heap before GC invocations=5080 (full 0):
 garbage-first heap   total 1560576K, used 301154K [0x0000000601400000, 0x0000000800000000)
  region size 4096K, 19 young (77824K), 1 survivors (4096K)
 Metaspace       used 38650K, committed 39232K, reserved 1114112K
  class space    used 3966K, committed 4224K, reserved 1048576K
}
Event: 5420.845 GC heap after
{Heap after GC invocations=5081 (full 0):
 garbage-first heap   total 1560576K, used 227527K [0x0000000601400000, 0x0000000800000000)
  region size 4096K, 1 young (4096K), 1 survivors (4096K)
 Metaspace       used 38650K, committed 39232K, reserved 1114112K
  class space    used 3966K, committed 4224K, reserved 1048576K
}
Event: 5421.528 GC heap before
{Heap before GC invocations=5081 (full 0):
 garbage-first heap   total 1560576K, used 301255K [0x0000000601400000, 0x0000000800000000)
  region size 4096K, 19 young (77824K), 1 survivors (4096K)
 Metaspace       used 38650K, committed 39232K, reserved 1114112K
  class space    used 3966K, committed 4224K, reserved 1048576K
}
Event: 5423.466 GC heap after
{Heap after GC invocations=5082 (full 0):
 garbage-first heap   total 1560576K, used 227980K [0x0000000601400000, 0x0000000800000000)
  region size 4096K, 1 young (4096K), 1 survivors (4096K)
 Metaspace       used 38650K, committed 39232K, reserved 1114112K
  class space    used 3966K, committed 4224K, reserved 1048576K
}
Event: 5423.511 GC heap before
{Heap before GC invocations=5082 (full 0):
 garbage-first heap   total 1560576K, used 301708K [0x0000000601400000, 0x0000000800000000)
  region size 4096K, 19 young (77824K), 1 survivors (4096K)
 Metaspace       used 38650K, committed 39232K, reserved 1114112K
  class space    used 3966K, committed 4224K, reserved 1048576K
}
Event: 5423.757 GC heap after
{Heap after GC invocations=5083 (full 0):
 garbage-first heap   total 1560576K, used 228058K [0x0000000601400000, 0x0000000800000000)
  region size 4096K, 1 young (4096K), 1 survivors (4096K)
 Metaspace       used 38650K, committed 39232K, reserved 1114112K
  class space    used 3966K, committed 4224K, reserved 1048576K
}
Event: 5423.781 GC heap before
{Heap before GC invocations=5083 (full 0):
 garbage-first heap   total 1560576K, used 301786K [0x0000000601400000, 0x0000000800000000)
  region size 4096K, 19 young (77824K), 1 survivors (4096K)
 Metaspace       used 38650K, committed 39232K, reserved 1114112K
  class space    used 3966K, committed 4224K, reserved 1048576K
}

