# JRE version: OpenJDK Runtime Environment Corretto-17.0.13.11.1 (17.0.13+11) (build 17.0.13+11-LTS)
# Java VM: OpenJDK 64-Bit Server VM Corretto-17.0.13.11.1 (17.0.13+11-LTS, mixed mode, sharing, tiered, compressed oops, compressed class ptrs, g1 gc, windows-amd64)
GC Precious Log:
 CPUs: 12 total, 12 available
 Memory: 32680M
 Large Page Support: Disabled
 NUMA Support: Disabled
 Compressed Oops: Enabled (Zero based)
 Heap Region Size: 4M
 Heap Min Capacity: 8M
 Heap Initial Capacity: 512M
 Heap Max Capacity: 8172M
 Pre-touch: Disabled
 Parallel Workers: 10
 Concurrent Workers: 3
 Concurrent Refinement Workers: 10
 Periodic GC: Disabled
Heap:
 garbage-first heap   total 1048576K, used 747901K [0x0000000601400000, 0x0000000800000000)
  region size 4096K, 119 young (487424K), 1 survivors (4096K)
 Metaspace       used 34078K, committed 34496K, reserved 1114112K
  class space    used 3645K, committed 3840K, reserved 1048576K
GC Heap History (20 events):
Event: 426.534 GC heap before
{Heap before GC invocations=199 (full 0):
 garbage-first heap   total 1048576K, used 891197K [0x0000000601400000, 0x0000000800000000)
  region size 4096K, 153 young (626688K), 1 survivors (4096K)
 Metaspace       used 33902K, committed 34304K, reserved 1114112K
  class space    used 3627K, committed 3840K, reserved 1048576K
}
Event: 426.535 GC heap after
{Heap after GC invocations=200 (full 0):
 garbage-first heap   total 1048576K, used 268459K [0x0000000601400000, 0x0000000800000000)
  region size 4096K, 1 young (4096K), 1 survivors (4096K)
 Metaspace       used 33902K, committed 34304K, reserved 1114112K
  class space    used 3627K, committed 3840K, reserved 1048576K
}
Event: 428.648 GC heap before
{Heap before GC invocations=200 (full 0):
 garbage-first heap   total 1048576K, used 891051K [0x0000000601400000, 0x0000000800000000)
  region size 4096K, 153 young (626688K), 1 survivors (4096K)
 Metaspace       used 33905K, committed 34304K, reserved 1114112K
  class space    used 3627K, committed 3840K, reserved 1048576K
}
Event: 428.649 GC heap after
{Heap after GC invocations=201 (full 0):
 garbage-first heap   total 1048576K, used 268416K [0x0000000601400000, 0x0000000800000000)
  region size 4096K, 1 young (4096K), 1 survivors (4096K)
 Metaspace       used 33905K, committed 34304K, reserved 1114112K
  class space    used 3627K, committed 3840K, reserved 1048576K
}
Event: 430.482 GC heap before
{Heap before GC invocations=201 (full 0):
 garbage-first heap   total 1048576K, used 891008K [0x0000000601400000, 0x0000000800000000)
  region size 4096K, 153 young (626688K), 1 survivors (4096K)
 Metaspace       used 33905K, committed 34304K, reserved 1114112K
  class space    used 3627K, committed 3840K, reserved 1048576K
}
Event: 430.483 GC heap after
{Heap after GC invocations=202 (full 0):
 garbage-first heap   total 1048576K, used 268671K [0x0000000601400000, 0x0000000800000000)
  region size 4096K, 1 young (4096K), 1 survivors (4096K)
 Metaspace       used 33905K, committed 34304K, reserved 1114112K
  class space    used 3627K, committed 3840K, reserved 1048576K
}
Event: 432.623 GC heap before
{Heap before GC invocations=202 (full 0):
 garbage-first heap   total 1048576K, used 891263K [0x0000000601400000, 0x0000000800000000)
  region size 4096K, 153 young (626688K), 1 survivors (4096K)
 Metaspace       used 33905K, committed 34304K, reserved 1114112K
  class space    used 3627K, committed 3840K, reserved 1048576K
}
Event: 432.624 GC heap after
{Heap after GC invocations=203 (full 0):
 garbage-first heap   total 1048576K, used 268539K [0x0000000601400000, 0x0000000800000000)
  region size 4096K, 1 young (4096K), 1 survivors (4096K)
 Metaspace       used 33905K, committed 34304K, reserved 1114112K
  class space    used 3627K, committed 3840K, reserved 1048576K
}
Event: 434.752 GC heap before
{Heap before GC invocations=203 (full 0):
 garbage-first heap   total 1048576K, used 891131K [0x0000000601400000, 0x0000000800000000)
  region size 4096K, 153 young (626688K), 1 survivors (4096K)
 Metaspace       used 33905K, committed 34304K, reserved 1114112K
  class space    used 3627K, committed 3840K, reserved 1048576K
}
Event: 434.753 GC heap after
{Heap after GC invocations=204 (full 0):
 garbage-first heap   total 1048576K, used 268738K [0x0000000601400000, 0x0000000800000000)
  region size 4096K, 1 young (4096K), 1 survivors (4096K)
 Metaspace       used 33905K, committed 34304K, reserved 1114112K
  class space    used 3627K, committed 3840K, reserved 1048576K
}
Event: 436.876 GC heap before
{Heap before GC invocations=204 (full 0):
 garbage-first heap   total 1048576K, used 891330K [0x0000000601400000, 0x0000000800000000)
  region size 4096K, 153 young (626688K), 1 survivors (4096K)
 Metaspace       used 33908K, committed 34304K, reserved 1114112K
  class space    used 3627K, committed 3840K, reserved 1048576K
}
Event: 436.876 GC heap after
{Heap after GC invocations=205 (full 0):
 garbage-first heap   total 1048576K, used 268590K [0x0000000601400000, 0x0000000800000000)
  region size 4096K, 1 young (4096K), 1 survivors (4096K)
 Metaspace       used 33908K, committed 34304K, reserved 1114112K
  class space    used 3627K, committed 3840K, reserved 1048576K
}
Event: 438.999 GC heap before
{Heap before GC invocations=205 (full 0):
 garbage-first heap   total 1048576K, used 891182K [0x0000000601400000, 0x0000000800000000)
  region size 4096K, 153 young (626688K), 1 survivors (4096K)
 Metaspace       used 33918K, committed 34304K, reserved 1114112K
  class space    used 3627K, committed 3840K, reserved 1048576K
}
Event: 439.667 GC heap after
{Heap after GC invocations=206 (full 0):
 garbage-first heap   total 1048576K, used 268419K [0x0000000601400000, 0x0000000800000000)
  region size 4096K, 1 young (4096K), 1 survivors (4096K)
 Metaspace       used 33918K, committed 34304K, reserved 1114112K
  class space    used 3627K, committed 3840K, reserved 1048576K
}
Event: 439.673 GC heap before
{Heap before GC invocations=206 (full 0):
 garbage-first heap   total 1048576K, used 313475K [0x0000000601400000, 0x0000000800000000)
  region size 4096K, 12 young (49152K), 1 survivors (4096K)
 Metaspace       used 33918K, committed 34304K, reserved 1114112K
  class space    used 3627K, committed 3840K, reserved 1048576K
}
Event: 439.674 GC heap after
{Heap after GC invocations=207 (full 0):
 garbage-first heap   total 1048576K, used 268786K [0x0000000601400000, 0x0000000800000000)
  region size 4096K, 1 young (4096K), 1 survivors (4096K)
 Metaspace       used 33918K, committed 34304K, reserved 1114112K
  class space    used 3627K, committed 3840K, reserved 1048576K
}
Event: 439.682 GC heap before
{Heap before GC invocations=207 (full 0):
 garbage-first heap   total 1048576K, used 313842K [0x0000000601400000, 0x0000000800000000)
  region size 4096K, 12 young (49152K), 1 survivors (4096K)
 Metaspace       used 33918K, committed 34304K, reserved 1114112K
  class space    used 3627K, committed 3840K, reserved 1048576K
}
Event: 439.683 GC heap after
{Heap after GC invocations=208 (full 0):
 garbage-first heap   total 1048576K, used 268699K [0x0000000601400000, 0x0000000800000000)
  region size 4096K, 1 young (4096K), 1 survivors (4096K)
 Metaspace       used 33918K, committed 34304K, reserved 1114112K
  class space    used 3627K, committed 3840K, reserved 1048576K
}
Event: 439.690 GC heap before
{Heap before GC invocations=208 (full 0):
 garbage-first heap   total 1048576K, used 313755K [0x0000000601400000, 0x0000000800000000)
  region size 4096K, 12 young (49152K), 1 survivors (4096K)
 Metaspace       used 33918K, committed 34304K, reserved 1114112K
  class space    used 3627K, committed 3840K, reserved 1048576K
}
Event: 439.691 GC heap after
{Heap after GC invocations=209 (full 0):
 garbage-first heap   total 1048576K, used 268669K [0x0000000601400000, 0x0000000800000000)
  region size 4096K, 1 young (4096K), 1 survivors (4096K)
 Metaspace       used 33918K, committed 34304K, reserved 1114112K
  class space    used 3627K, committed 3840K, reserved 1048576K
}

